<?xml version="1.0" encoding="UTF-8"?>
<!-- Generated by org.testng.reporters.JUnitXMLReporter -->
<testsuite hostname="AU5CG0013TJV" ignored="0" name="HomePage" tests="6" failures="0" timestamp="2020-02-19T09:23:55 AEDT" time="0.094" errors="0">
  <testcase name="@BeforeTest initialize" time="0.022" classname="EndtoEndwebtest.HomePageAssetrionTest">
    <failure type="java.lang.NullPointerException">
      <![CDATA[java.lang.NullPointerException
at resources.browserInitialization.InitializeBrowser(browserInitialization.java:64)
at EndtoEndwebtest.HomePageAssetrionTest.initialize(HomePageAssetrionTest.java:23)
at java.util.concurrent.FutureTask.run(Unknown Source)
at java.util.concurrent.ThreadPoolExecutor.runWorker(Unknown Source)
at java.util.concurrent.ThreadPoolExecutor$Worker.run(Unknown Source)
at java.lang.Thread.run(Unknown Source)
... Removed 15 stack frames]]>
    </failure>
  </testcase> <!-- @BeforeTest initialize -->
  <testcase name="@AfterTest teardown" time="-1.582064635367E9" classname="EndtoEndwebtest.HomePageAssetrionTest">
    <skipped/>
  </testcase> <!-- @AfterTest teardown -->
  <testcase name="QaclickHomepage" time="0.0" classname="EndtoEndwebtest.HomePageAssetrionTest">
    <skipped/>
  </testcase> <!-- QaclickHomepage -->
  <testcase name="QaclickHomepage" time="0.0" classname="EndtoEndwebtest.HomePageTest">
    <skipped/>
  </testcase> <!-- QaclickHomepage -->
  <testcase name="QaclickHomepage" time="0.0" classname="EndtoEndwebtest.HomePageTest">
    <skipped/>
  </testcase> <!-- QaclickHomepage -->
  <testcase name="Homepagelinkscount" time="0.0" classname="EndtoEndwebtest.HomepagelinksTest">
    <skipped/>
  </testcase> <!-- Homepagelinkscount -->
  <testcase name="allcoursestextvalidationFeaturedcoursevalidation" time="0.0" classname="EndtoEndwebtest.HomepagelinksTest">
    <skipped/>
  </testcase> <!-- allcoursestextvalidationFeaturedcoursevalidation -->
  <testcase name="featuredcoursevalidation" time="0.0" classname="EndtoEndwebtest.HomepagelinksTest">
    <skipped/>
  </testcase> <!-- featuredcoursevalidation -->
</testsuite> <!-- HomePage -->
