<?xml version="1.0" encoding="UTF-8"?>
<!-- Generated by org.testng.reporters.JUnitXMLReporter -->
<testsuite hostname="AU5CG0013TJV" ignored="0" name="Registration" tests="7" failures="0" timestamp="2020-02-19T09:51:49 AEDT" time="64.587" errors="0">
  <testcase name="Homepagelinkscount" time="15.707" classname="EndtoEndwebtest.HomepagelinksTest"/>
  <testcase name="allcoursestextvalidationFeaturedcoursevalidation" time="0.175" classname="EndtoEndwebtest.HomepagelinksTest"/>
  <testcase name="featuredcoursevalidation" time="0.417" classname="EndtoEndwebtest.HomepagelinksTest"/>
  <testcase name="QaclickHomepage" time="22.929" classname="EndtoEndwebtest.HomePageAssetrionTest"/>
  <testcase name="memberregistration" time="37.086" classname="EndtoEndwebtest.RegistrationTest"/>
  <testcase name="QaclickHomepage" time="30.637" classname="EndtoEndwebtest.HomePageTest"/>
  <testcase name="memberregistration" time="27.439" classname="EndtoEndwebtest.RegistrationTest"/>
</testsuite> <!-- Registration -->
