<?xml version="1.0" encoding="UTF-8"?>
<testng-results skipped="0" failed="0" ignored="0" total="1" passed="1">
  <reporter-output>
  </reporter-output>
  <suite name="Suite" duration-ms="52726" started-at="2020-02-19T11:25:04 AEDT" finished-at="2020-02-19T11:25:56 AEDT">
    <groups>
      <group name="cucumber">
        <method signature="AbstractTestNGCucumberTests.feature(cucumber.api.testng.CucumberFeatureWrapper)[pri:0, instance:Cucumbertestrunner.TestRunner@480bdb19]" name="feature" class="cucumber.api.testng.AbstractTestNGCucumberTests"/>
      </group> <!-- cucumber -->
    </groups>
    <test name="testrunner" duration-ms="52726" started-at="2020-02-19T11:25:04 AEDT" finished-at="2020-02-19T11:25:56 AEDT">
      <class name="Cucumbertestrunner.TestRunner">
        <test-method status="PASS" signature="setUpClass()[pri:0, instance:Cucumbertestrunner.TestRunner@480bdb19]" name="setUpClass" is-config="true" duration-ms="319" started-at="2020-02-19T11:25:04 AEDT" finished-at="2020-02-19T11:25:04 AEDT">
          <reporter-output>
          </reporter-output>
        </test-method> <!-- setUpClass -->
        <test-method status="PASS" signature="feature(cucumber.api.testng.CucumberFeatureWrapper)[pri:0, instance:Cucumbertestrunner.TestRunner@480bdb19]" name="feature" duration-ms="52253" started-at="2020-02-19T11:25:04 AEDT" description="Runs Cucumber Feature" data-provider="features" finished-at="2020-02-19T11:25:56 AEDT">
          <params>
            <param index="0">
              <value>
                <![CDATA[Registration Testing]]>
              </value>
            </param>
          </params>
          <reporter-output>
          </reporter-output>
        </test-method> <!-- feature -->
        <test-method status="PASS" signature="tearDownClass()[pri:0, instance:Cucumbertestrunner.TestRunner@480bdb19]" name="tearDownClass" is-config="true" duration-ms="10" started-at="2020-02-19T11:25:56 AEDT" finished-at="2020-02-19T11:25:56 AEDT">
          <reporter-output>
          </reporter-output>
        </test-method> <!-- tearDownClass -->
      </class> <!-- Cucumbertestrunner.TestRunner -->
    </test> <!-- testrunner -->
  </suite> <!-- Suite -->
</testng-results>
